calender/build/outputs/logs/manifest-merger-debug-report.txt
-- Merging decision tree log ---
manifest
ADDED from BickupDriver/calender/AndroidManifest.xml:1:1-3:12
INJECTED from BickupDriver/calender/AndroidManifest.xml:1:1-3:12
INJECTED from BickupDriver/calender/AndroidManifest.xml:1:1-3:12
	package
		ADDED from BickupDriver/calender/AndroidManifest.xml:1:11-46
		INJECTED from BickupDriver/calender/AndroidManifest.xml
		INJECTED from BickupDriver/calender/AndroidManifest.xml